=========================================================
   asn1c 0.9.29: tests/tests-c-compiler/test-suite.log
=========================================================

# TOTAL: 41
# PASS:  40
# SKIP:  0
# XFAIL: 1
# FAIL:  0
# XPASS: 0
# ERROR: 0

.. contents:: :depth: 2

XFAIL: check-src/check-158.-fcompound-names.c
=============================================

/Users/tasospsomadopoulos/Documents/asn1_sample/asn1c/asn1c/asn1c		\
		-S /Users/tasospsomadopoulos/Documents/asn1_sample/asn1c/skeletons	\
		-flink-skeletons 		\
		-Wdebug-compiler		\
		-fcompound-names /Users/tasospsomadopoulos/Documents/asn1_sample/asn1c/tests/tests-asn1c-compiler/158-sequence-of-sequence-nested-OK.asn1
DEBUG: Compiling SeqWithNestedSOS at line 15
DEBUG: Compiling someString at line 15
DEBUG: Compiling sos at line 21
DEBUG: Compiling Member at line 17
DEBUG: Compiling anotherString at line 17
DEBUG: Compiling nested-sos at line 20
DEBUG: Compiling Member at line 20
DEBUG: Compiling nested-string at line 19
DEBUG: Saving compiled data
Compiled SeqWithNestedSOS.c
Compiled SeqWithNestedSOS.h
Symlinked /Users/tasospsomadopoulos/Documents/asn1_sample/asn1c/skeletons/OPEN_TYPE.h	-> OPEN_TYPE.h (line 9 col 0)
Symlinked /Users/tasospsomadopoulos/Documents/asn1_sample/asn1c/skeletons/OPEN_TYPE.c	-> OPEN_TYPE.c (line 9 col 12)
Symlinked /Users/tasospsomadopoulos/Documents/asn1_sample/asn1c/skeletons/constr_CHOICE.h	-> constr_CHOICE.h (line 9 col 24)
Symlinked /Users/tasospsomadopoulos/Documents/asn1_sample/asn1c/skeletons/UTF8String.h	-> UTF8String.h (line 32 col 0)
Symlinked /Users/tasospsomadopoulos/Documents/asn1_sample/asn1c/skeletons/UTF8String.c	-> UTF8String.c (line 32 col 13)
Symlinked /Users/tasospsomadopoulos/Documents/asn1_sample/asn1c/skeletons/OCTET_STRING.h	-> OCTET_STRING.h (line 32 col 26)
Symlinked /Users/tasospsomadopoulos/Documents/asn1_sample/asn1c/skeletons/asn_SEQUENCE_OF.h	-> asn_SEQUENCE_OF.h (line 36 col 0)
Symlinked /Users/tasospsomadopoulos/Documents/asn1_sample/asn1c/skeletons/asn_SEQUENCE_OF.c	-> asn_SEQUENCE_OF.c (line 36 col 18)
Symlinked /Users/tasospsomadopoulos/Documents/asn1_sample/asn1c/skeletons/asn_SET_OF.h	-> asn_SET_OF.h (line 36 col 36)
Symlinked /Users/tasospsomadopoulos/Documents/asn1_sample/asn1c/skeletons/asn_SET_OF.c	-> asn_SET_OF.c (line 37 col 13)
Symlinked /Users/tasospsomadopoulos/Documents/asn1_sample/asn1c/skeletons/constr_CHOICE.c	-> constr_CHOICE.c (line 38 col 16)
Symlinked /Users/tasospsomadopoulos/Documents/asn1_sample/asn1c/skeletons/constr_SEQUENCE.h	-> constr_SEQUENCE.h (line 39 col 0)
Symlinked /Users/tasospsomadopoulos/Documents/asn1_sample/asn1c/skeletons/constr_SEQUENCE.c	-> constr_SEQUENCE.c (line 39 col 18)
Symlinked /Users/tasospsomadopoulos/Documents/asn1_sample/asn1c/skeletons/constr_SEQUENCE_OF.h	-> constr_SEQUENCE_OF.h (line 40 col 0)
Symlinked /Users/tasospsomadopoulos/Documents/asn1_sample/asn1c/skeletons/constr_SEQUENCE_OF.c	-> constr_SEQUENCE_OF.c (line 40 col 21)
Symlinked /Users/tasospsomadopoulos/Documents/asn1_sample/asn1c/skeletons/constr_SET_OF.h	-> constr_SET_OF.h (line 40 col 60)
Symlinked /Users/tasospsomadopoulos/Documents/asn1_sample/asn1c/skeletons/constr_SET_OF.c	-> constr_SET_OF.c (line 42 col 16)
Symlinked /Users/tasospsomadopoulos/Documents/asn1_sample/asn1c/skeletons/asn_application.h	-> asn_application.h (line 45 col 0)
Symlinked /Users/tasospsomadopoulos/Documents/asn1_sample/asn1c/skeletons/asn_application.c	-> asn_application.c (line 45 col 18)
Symlinked /Users/tasospsomadopoulos/Documents/asn1_sample/asn1c/skeletons/asn_ioc.h	-> asn_ioc.h (line 46 col 0)
Symlinked /Users/tasospsomadopoulos/Documents/asn1_sample/asn1c/skeletons/asn_system.h	-> asn_system.h (line 47 col 0)
Symlinked /Users/tasospsomadopoulos/Documents/asn1_sample/asn1c/skeletons/asn_codecs.h	-> asn_codecs.h (line 48 col 0)
Symlinked /Users/tasospsomadopoulos/Documents/asn1_sample/asn1c/skeletons/asn_internal.h	-> asn_internal.h (line 49 col 0)
Symlinked /Users/tasospsomadopoulos/Documents/asn1_sample/asn1c/skeletons/asn_internal.c	-> asn_internal.c (line 49 col 15)
Symlinked /Users/tasospsomadopoulos/Documents/asn1_sample/asn1c/skeletons/asn_random_fill.h	-> asn_random_fill.h (line 50 col 0)
Symlinked /Users/tasospsomadopoulos/Documents/asn1_sample/asn1c/skeletons/asn_random_fill.c	-> asn_random_fill.c (line 50 col 18)
Symlinked /Users/tasospsomadopoulos/Documents/asn1_sample/asn1c/skeletons/asn_bit_data.h	-> asn_bit_data.h (line 51 col 0)
Symlinked /Users/tasospsomadopoulos/Documents/asn1_sample/asn1c/skeletons/asn_bit_data.c	-> asn_bit_data.c (line 51 col 15)
Symlinked /Users/tasospsomadopoulos/Documents/asn1_sample/asn1c/skeletons/OCTET_STRING.c	-> OCTET_STRING.c (line 52 col 15)
Symlinked /Users/tasospsomadopoulos/Documents/asn1_sample/asn1c/skeletons/BIT_STRING.h	-> BIT_STRING.h (line 53 col 0)
Symlinked /Users/tasospsomadopoulos/Documents/asn1_sample/asn1c/skeletons/BIT_STRING.c	-> BIT_STRING.c (line 53 col 13)
Symlinked /Users/tasospsomadopoulos/Documents/asn1_sample/asn1c/skeletons/asn_codecs_prim.c	-> asn_codecs_prim.c (line 54 col 0)
Symlinked /Users/tasospsomadopoulos/Documents/asn1_sample/asn1c/skeletons/asn_codecs_prim.h	-> asn_codecs_prim.h (line 54 col 18)
Symlinked /Users/tasospsomadopoulos/Documents/asn1_sample/asn1c/skeletons/ber_tlv_length.h	-> ber_tlv_length.h (line 55 col 0)
Symlinked /Users/tasospsomadopoulos/Documents/asn1_sample/asn1c/skeletons/ber_tlv_length.c	-> ber_tlv_length.c (line 55 col 17)
Symlinked /Users/tasospsomadopoulos/Documents/asn1_sample/asn1c/skeletons/ber_tlv_tag.h	-> ber_tlv_tag.h (line 56 col 0)
Symlinked /Users/tasospsomadopoulos/Documents/asn1_sample/asn1c/skeletons/ber_tlv_tag.c	-> ber_tlv_tag.c (line 56 col 14)
Symlinked /Users/tasospsomadopoulos/Documents/asn1_sample/asn1c/skeletons/ber_decoder.h	-> ber_decoder.h (line 57 col 0)
Symlinked /Users/tasospsomadopoulos/Documents/asn1_sample/asn1c/skeletons/ber_decoder.c	-> ber_decoder.c (line 57 col 14)
Symlinked /Users/tasospsomadopoulos/Documents/asn1_sample/asn1c/skeletons/der_encoder.h	-> der_encoder.h (line 58 col 0)
Symlinked /Users/tasospsomadopoulos/Documents/asn1_sample/asn1c/skeletons/der_encoder.c	-> der_encoder.c (line 58 col 14)
Symlinked /Users/tasospsomadopoulos/Documents/asn1_sample/asn1c/skeletons/constr_TYPE.h	-> constr_TYPE.h (line 59 col 0)
Symlinked /Users/tasospsomadopoulos/Documents/asn1_sample/asn1c/skeletons/constr_TYPE.c	-> constr_TYPE.c (line 59 col 14)
Symlinked /Users/tasospsomadopoulos/Documents/asn1_sample/asn1c/skeletons/constraints.h	-> constraints.h (line 60 col 0)
Symlinked /Users/tasospsomadopoulos/Documents/asn1_sample/asn1c/skeletons/constraints.c	-> constraints.c (line 60 col 14)
Symlinked /Users/tasospsomadopoulos/Documents/asn1_sample/asn1c/skeletons/xer_support.h	-> xer_support.h (line 61 col 0)
Symlinked /Users/tasospsomadopoulos/Documents/asn1_sample/asn1c/skeletons/xer_support.c	-> xer_support.c (line 61 col 14)
Symlinked /Users/tasospsomadopoulos/Documents/asn1_sample/asn1c/skeletons/xer_decoder.h	-> xer_decoder.h (line 62 col 0)
Symlinked /Users/tasospsomadopoulos/Documents/asn1_sample/asn1c/skeletons/xer_decoder.c	-> xer_decoder.c (line 62 col 14)
Symlinked /Users/tasospsomadopoulos/Documents/asn1_sample/asn1c/skeletons/xer_encoder.h	-> xer_encoder.h (line 63 col 0)
Symlinked /Users/tasospsomadopoulos/Documents/asn1_sample/asn1c/skeletons/xer_encoder.c	-> xer_encoder.c (line 63 col 14)
Symlinked /Users/tasospsomadopoulos/Documents/asn1_sample/asn1c/skeletons/per_support.h	-> per_support.h (line 64 col 0)
Symlinked /Users/tasospsomadopoulos/Documents/asn1_sample/asn1c/skeletons/per_support.c	-> per_support.c (line 64 col 14)
Symlinked /Users/tasospsomadopoulos/Documents/asn1_sample/asn1c/skeletons/per_decoder.h	-> per_decoder.h (line 65 col 0)
Symlinked /Users/tasospsomadopoulos/Documents/asn1_sample/asn1c/skeletons/per_decoder.c	-> per_decoder.c (line 65 col 14)
Symlinked /Users/tasospsomadopoulos/Documents/asn1_sample/asn1c/skeletons/per_encoder.h	-> per_encoder.h (line 66 col 0)
Symlinked /Users/tasospsomadopoulos/Documents/asn1_sample/asn1c/skeletons/per_encoder.c	-> per_encoder.c (line 66 col 14)
Symlinked /Users/tasospsomadopoulos/Documents/asn1_sample/asn1c/skeletons/per_opentype.h	-> per_opentype.h (line 67 col 0)
Symlinked /Users/tasospsomadopoulos/Documents/asn1_sample/asn1c/skeletons/per_opentype.c	-> per_opentype.c (line 67 col 15)
Symlinked /Users/tasospsomadopoulos/Documents/asn1_sample/asn1c/skeletons/oer_decoder.h	-> oer_decoder.h (line 73 col 0)
Symlinked /Users/tasospsomadopoulos/Documents/asn1_sample/asn1c/skeletons/oer_encoder.h	-> oer_encoder.h (line 74 col 0)
Symlinked /Users/tasospsomadopoulos/Documents/asn1_sample/asn1c/skeletons/oer_support.h	-> oer_support.h (line 75 col 0)
Symlinked /Users/tasospsomadopoulos/Documents/asn1_sample/asn1c/skeletons/oer_decoder.c	-> oer_decoder.c (line 76 col 14)
Symlinked /Users/tasospsomadopoulos/Documents/asn1_sample/asn1c/skeletons/oer_encoder.c	-> oer_encoder.c (line 77 col 14)
Symlinked /Users/tasospsomadopoulos/Documents/asn1_sample/asn1c/skeletons/oer_support.c	-> oer_support.c (line 78 col 14)
Symlinked /Users/tasospsomadopoulos/Documents/asn1_sample/asn1c/skeletons/OPEN_TYPE_oer.c	-> OPEN_TYPE_oer.c (line 79 col 12)
Symlinked /Users/tasospsomadopoulos/Documents/asn1_sample/asn1c/skeletons/OCTET_STRING_oer.c	-> OCTET_STRING_oer.c (line 82 col 15)
Symlinked /Users/tasospsomadopoulos/Documents/asn1_sample/asn1c/skeletons/constr_CHOICE_oer.c	-> constr_CHOICE_oer.c (line 85 col 16)
Symlinked /Users/tasospsomadopoulos/Documents/asn1_sample/asn1c/skeletons/constr_SEQUENCE_oer.c	-> constr_SEQUENCE_oer.c (line 86 col 18)
Symlinked /Users/tasospsomadopoulos/Documents/asn1_sample/asn1c/skeletons/constr_SET_OF_oer.c	-> constr_SET_OF_oer.c (line 87 col 16)
Generated Makefile.am.libasncodec
Symlinked /Users/tasospsomadopoulos/Documents/asn1_sample/asn1c/skeletons/converter-example.c	-> converter-example.c implicit
Generated pdu_collection.c
Generated converter-example.mk
File /Users/tasospsomadopoulos/Documents/asn1_sample/asn1c/skeletons/converter-example.c is already here as converter-example.c
Generated pdu_collection.c
Generated Makefile.am.asn1convert
rm -f converter-example.c
/Applications/Xcode.app/Contents/Developer/usr/bin/make check-program
gcc -I. -std=gnu99 -Wno-error=unused-variable  -fsanitize=undefined -fno-sanitize-recover=undefined -fsanitize=unsigned-integer-overflow -fno-sanitize-recover=unsigned-integer-overflow -fsanitize=nullability -fno-sanitize-recover=nullability -fno-omit-frame-pointer -fsanitize=address -fno-omit-frame-pointer -g -O2 -Wall -Wcast-qual -Wchar-subscripts -Wmissing-prototypes -Wmissing-declarations -Wno-error=attributes -Wno-error=cast-align -Wno-error=visibility -Wno-error=parentheses-equality -std=gnu99 -g -O1 -DSRCDIR=../.  -DASN_PDU_COLLECTION -I. -o SeqWithNestedSOS.o -c SeqWithNestedSOS.c
In file included from SeqWithNestedSOS.c:8:
./SeqWithNestedSOS.h:28:17: error: type name does not allow storage class to be specified
                A_SEQUENCE_OF(typedef struct SeqWithNestedSOS__sos__Member__nested_sos__Member {
                              ^
./SeqWithNestedSOS.h:34:3: error: must use 'struct' tag to refer to type 'SeqWithNestedSOS__sos__Member__nested_sos__Member'
                SeqWithNestedSOS__sos__Member__nested_sos__Member) list;
                ^
                struct 
./asn_SEQUENCE_OF.h:19:38: note: expanded from macro 'A_SEQUENCE_OF'
#define A_SEQUENCE_OF(type)     A_SET_OF(type)
                                         ^
./asn_SET_OF.h:19:9: note: expanded from macro 'A_SET_OF'
        type **array;                    \
        ^
In file included from SeqWithNestedSOS.c:8:
./SeqWithNestedSOS.h:28:32: warning: declaration of 'struct SeqWithNestedSOS__sos__Member__nested_sos__Member' will not be visible outside of this function [-Wvisibility]
                A_SEQUENCE_OF(typedef struct SeqWithNestedSOS__sos__Member__nested_sos__Member {
                                             ^
./SeqWithNestedSOS.h:28:17: error: invalid storage class specifier in function declarator
                A_SEQUENCE_OF(typedef struct SeqWithNestedSOS__sos__Member__nested_sos__Member {
                              ^
./SeqWithNestedSOS.h:33:54: error: expected ')'
                } SeqWithNestedSOS__sos__Member__nested_sos__Member;
                                                                   ^
./SeqWithNestedSOS.h:28:3: note: to match this '('
                A_SEQUENCE_OF(typedef struct SeqWithNestedSOS__sos__Member__nested_sos__Member {
                ^
./asn_SEQUENCE_OF.h:19:29: note: expanded from macro 'A_SEQUENCE_OF'
#define A_SEQUENCE_OF(type)     A_SET_OF(type)
                                ^
./asn_SET_OF.h:22:21: note: expanded from macro 'A_SET_OF'
        void (*free)(type *);    \
                    ^
In file included from SeqWithNestedSOS.c:8:
./SeqWithNestedSOS.h:34:3: error: must use 'struct' tag to refer to type 'SeqWithNestedSOS__sos__Member__nested_sos__Member'
                SeqWithNestedSOS__sos__Member__nested_sos__Member) list;
                ^
                struct 
./asn_SEQUENCE_OF.h:19:38: note: expanded from macro 'A_SEQUENCE_OF'
#define A_SEQUENCE_OF(type)     A_SET_OF(type)
                                         ^
./asn_SET_OF.h:22:22: note: expanded from macro 'A_SET_OF'
        void (*free)(type *);    \
                     ^
In file included from SeqWithNestedSOS.c:8:
./SeqWithNestedSOS.h:28:3: error: expected member name or ';' after declaration specifiers
                A_SEQUENCE_OF(typedef struct SeqWithNestedSOS__sos__Member__nested_sos__Member {
                ^
./asn_SEQUENCE_OF.h:19:29: note: expanded from macro 'A_SEQUENCE_OF'
#define A_SEQUENCE_OF(type)     A_SET_OF(type)
                                ^
./asn_SET_OF.h:22:28: note: expanded from macro 'A_SET_OF'
        void (*free)(type *);    \
                           ^
In file included from SeqWithNestedSOS.c:8:
./SeqWithNestedSOS.h:28:3: error: expected ';' at end of declaration list
./asn_SEQUENCE_OF.h:19:29: note: expanded from macro 'A_SEQUENCE_OF'
#define A_SEQUENCE_OF(type)     A_SET_OF(type)
                                ^
./asn_SET_OF.h:22:28: note: expanded from macro 'A_SET_OF'
        void (*free)(type *);    \
                           ^
SeqWithNestedSOS.c:69:2: error: initializer element is not a compile-time constant
        offsetof(struct SeqWithNestedSOS__sos__Member__nested_sos, _asn_ctx),
        ^~~~~~~~~~~~~~~~~~~~~~~~~~~~~~~~~~~~~~~~~~~~~~~~~~~~~~~~~~~~~~~~~~~~
/Applications/Xcode.app/Contents/Developer/Toolchains/XcodeDefault.xctoolchain/usr/lib/clang/9.0.0/include/stddef.h:120:24: note: expanded from macro 'offsetof'
#define offsetof(t, d) __builtin_offsetof(t, d)
                       ^~~~~~~~~~~~~~~~~~~~~~~~
SeqWithNestedSOS.c:90:20: error: initializer element is not a compile-time constant
        { ATF_NOFLAGS, 0, offsetof(struct SeqWithNestedSOS__sos__Member, anotherString),
                          ^~~~~~~~~~~~~~~~~~~~~~~~~~~~~~~~~~~~~~~~~~~~~~~~~~~~~~~~~~~~~
/Applications/Xcode.app/Contents/Developer/Toolchains/XcodeDefault.xctoolchain/usr/lib/clang/9.0.0/include/stddef.h:120:24: note: expanded from macro 'offsetof'
#define offsetof(t, d) __builtin_offsetof(t, d)
                       ^~~~~~~~~~~~~~~~~~~~~~~~
SeqWithNestedSOS.c:118:2: error: initializer element is not a compile-time constant
        offsetof(struct SeqWithNestedSOS__sos__Member, _asn_ctx),
        ^~~~~~~~~~~~~~~~~~~~~~~~~~~~~~~~~~~~~~~~~~~~~~~~~~~~~~~~
/Applications/Xcode.app/Contents/Developer/Toolchains/XcodeDefault.xctoolchain/usr/lib/clang/9.0.0/include/stddef.h:120:24: note: expanded from macro 'offsetof'
#define offsetof(t, d) __builtin_offsetof(t, d)
                       ^~~~~~~~~~~~~~~~~~~~~~~~
1 warning and 10 errors generated.
make[7]: *** [SeqWithNestedSOS.o] Error 1
make[6]: *** [check-succeeded] Error 2
XFAIL check-src/check-158.-fcompound-names.c (exit status: 2)

